<?xml version="1.0" encoding="UTF-8"?>
<testsuite xmlns:xsi="http://www.w3.org/2001/XMLSchema-instance" xsi:noNamespaceSchemaLocation="https://maven.apache.org/surefire/maven-surefire-plugin/xsd/surefire-test-report.xsd" name="com.app.RobotTest" time="0.001" tests="10" errors="0" skipped="0" failures="0">
  <properties>
[...]
</properties>
  <testcase name="testGetRobotDirection" classname="com.app.RobotTest" time="0"/>
  <testcase name="testGetPenPosition" classname="com.app.RobotTest" time="0"/>
  <testcase name="testInitializedRobot" classname="com.app.RobotTest" time="0"/>
  <testcase name="testSetRobotCol" classname="com.app.RobotTest" time="0"/>
  <testcase name="testSetRobotRow" classname="com.app.RobotTest" time="0"/>
  <testcase name="testRobotMovementUp" classname="com.app.RobotTest" time="0"/>
  <testcase name="testRobotPenDown" classname="com.app.RobotTest" time="0"/>
  <testcase name="testRobotPenUp" classname="com.app.RobotTest" time="0"/>
  <testcase name="testRobotMovementDown" classname="com.app.RobotTest" time="0"/>
  <testcase name="tesSetRobotDirection" classname="com.app.RobotTest" time="0"/>
</testsuite>